tuibeauty/build/intermediates/manifest_merge_blame_file/debug/manifest-merger-blame-debug-report.txt
1<?xml version="1.0" encoding="utf-8"?>
2<manifest xmlns:android="http://schemas.android.com/apk/res/android"
3    package="com.tencent.qcloud.tuikit.tuibeauty" >
4
5    <uses-sdk android:minSdkVersion="22" />
5-->src/main/AndroidManifest.xml
6
7    <uses-permission android:name="android.permission.WAKE_LOCK" />
7-->src/main/AndroidManifest.xml:5:5-68
7-->src/main/AndroidManifest.xml:5:22-65
8    <uses-permission android:name="android.permission.INTERNET" />
8-->src/main/AndroidManifest.xml:6:5-67
8-->src/main/AndroidManifest.xml:6:22-64
9    <uses-permission android:name="android.permission.CAMERA" />
9-->src/main/AndroidManifest.xml:7:5-65
9-->src/main/AndroidManifest.xml:7:22-62
10    <uses-permission android:name="android.permission.ACCESS_NETWORK_STATE" />
10-->src/main/AndroidManifest.xml:8:5-79
10-->src/main/AndroidManifest.xml:8:22-76
11
12    <uses-feature android:name="android.hardware.camera" />
12-->src/main/AndroidManifest.xml:10:5-60
12-->src/main/AndroidManifest.xml:10:19-57
13    <uses-feature android:name="android.hardware.camera.autofocus" />
13-->src/main/AndroidManifest.xml:11:5-70
13-->src/main/AndroidManifest.xml:11:19-67
14
15    <application>
15-->src/main/AndroidManifest.xml:13:5-20:19
16        <provider
16-->src/main/AndroidManifest.xml:15:9-19:40
17            android:name="com.tencent.qcloud.tuikit.tuibeauty.core.TUIBeautyProvider"
17-->src/main/AndroidManifest.xml:16:13-51
18            android:authorities="${applicationId}.TUIBeautyProvider"
18-->src/main/AndroidManifest.xml:17:13-69
19            android:enabled="true"
19-->src/main/AndroidManifest.xml:18:13-35
20            android:exported="false" />
20-->src/main/AndroidManifest.xml:19:13-37
21    </application>
22
23</manifest>